#
# There is insufficient memory for the Java Runtime Environment to continue.
# Native memory allocation (mmap) failed to map 268435456 bytes for G1 virtual space
# Possible reasons:
#   The system is out of physical RAM or swap space
#   The process is running with CompressedOops enabled, and the Java Heap may be blocking the growth of the native heap
# Possible solutions:
#   Reduce memory load on the system
#   Increase physical memory or swap space
#   Check if swap backing store is full
#   Decrease Java heap size (-Xmx/-Xms)
#   Decrease number of Java threads
#   Decrease Java thread stack sizes (-Xss)
#   Set larger code cache with -XX:ReservedCodeCacheSize=
#   JVM is running with Zero Based Compressed Oops mode in which the Java heap is
#     placed in the first 32GB address space. The Java Heap base address is the
#     maximum limit for the native heap growth. Please use -XX:HeapBaseMinAddress
#     to set the Java Heap base and to place the Java Heap above 32GB virtual address.
# This output file may be truncated or incomplete.
#
#  Out of Memory Error (os_windows.cpp:3528), pid=10320, tid=7036
#
# JRE version:  (20.0.2+9) (build )
# Java VM: Java HotSpot(TM) 64-Bit Server VM (20.0.2+9-78, mixed mode, sharing, tiered, compressed oops, compressed class ptrs, g1 gc, windows-amd64)
# No core dump will be written. Minidumps are not enabled by default on client versions of Windows
#

---------------  S U M M A R Y ------------

Command Line: -Dfile.encoding=UTF-8 --module-path=C:\Users\user\Desktop\JAVA_Projekte\Probieren\build\classes javase.pf.newGui.JFrameHauptPF

Host: Intel(R) Core(TM) i5-7300U CPU @ 2.60GHz, 4 cores, 15G,  Windows 10 , 64 bit Build 19041 (10.0.19041.3570)
Time: Fri Nov 10 14:27:09 2023 Mitteleuropäische Zeit elapsed time: 0.015086 seconds (0d 0h 0m 0s)

---------------  T H R E A D  ---------------

Current thread (0x0000022b386aacf0):  JavaThread "Unknown thread" [_thread_in_vm, id=7036, stack(0x0000007049600000,0x0000007049700000)]

Stack: [0x0000007049600000,0x0000007049700000]
Native frames: (J=compiled Java code, j=interpreted, Vv=VM code, C=native code)
V  [jvm.dll+0x6bc25a]
V  [jvm.dll+0x84971a]
V  [jvm.dll+0x84b315]
V  [jvm.dll+0x84ba13]
V  [jvm.dll+0x280e4f]
V  [jvm.dll+0x6b8fe9]
V  [jvm.dll+0x6adbca]
V  [jvm.dll+0x35b165]
V  [jvm.dll+0x363386]
V  [jvm.dll+0x3b400e]
V  [jvm.dll+0x3b4295]
V  [jvm.dll+0x32b86a]
V  [jvm.dll+0x32c68b]
V  [jvm.dll+0x8123df]
V  [jvm.dll+0x3c1261]
V  [jvm.dll+0x7fe103]
V  [jvm.dll+0x44ccaf]
V  [jvm.dll+0x44e621]
C  [jli.dll+0x5287]
C  [ucrtbase.dll+0x21bb2]
C  [KERNEL32.DLL+0x17344]
C  [ntdll.dll+0x526b1]


---------------  P R O C E S S  ---------------

Threads class SMR info:
_java_thread_list=0x00007ffe4e11b118, length=0, elements={
}

Java Threads: ( => current thread )

Other Threads:
  0x0000022b3871b810 WorkerThread "GC Thread#0" [stack: 0x0000007049700000,0x0000007049800000] [id=1380]
  0x0000022b3872c6d0 ConcurrentGCThread "G1 Main Marker" [stack: 0x0000007049800000,0x0000007049900000] [id=628]
  0x0000022b3872e8b0 WorkerThread "G1 Conc#0" [stack: 0x0000007049900000,0x0000007049a00000] [id=9624]

[error occurred during error reporting (printing all threads), id 0xc0000005, EXCEPTION_ACCESS_VIOLATION (0xc0000005) at pc=0x00007ffe4d8feea7]
VM state: not at safepoint (not fully initialized)

VM Mutex/Monitor currently owned by a thread:  ([mutex/lock_event])
[0x0000022b386a6330] Heap_lock - owner thread: 0x0000022b386aacf0

Heap address: 0x0000000701e00000, size: 4066 MB, Compressed Oops mode: Zero based, Oop shift amount: 3

CDS archive(s) mapped at: [0x0000000000000000-0x0000000000000000-0x0000000000000000), size 0, SharedBaseAddress: 0x0000000800000000, ArchiveRelocationMode: 1.
Narrow klass base: 0x0000000000000000, Narrow klass shift: 0, Narrow klass range: 0x0

GC Precious Log:
 CardTable entry size: 512
 Card Set container configuration: InlinePtr #cards 4 size 8 Array Of Cards #cards 16 size 48 Howl #buckets 8 coarsen threshold 3686 Howl Bitmap #cards 512 size 80 coarsen threshold 460 Card regions per heap region 1 cards per card region 4096

Heap:
 garbage-first heap   total 0K, used 0K [0x0000000701e00000, 0x0000000800000000)
  region size 2048K, 0 young (0K), 0 survivors (0K)

[error occurred during error reporting (printing heap information), id 0xc0000005, EXCEPTION_ACCESS_VIOLATION (0xc0000005) at pc=0x00007ffe4dcd47b9]
GC Heap History (0 events):
No events

Dll operation events (1 events):
Event: 0.010 Loaded shared library C:\Program Files\Java\jdk-20\bin\java.dll

Deoptimization events (0 events):
No events

Classes loaded (0 events):
No events

Classes unloaded (0 events):
No events

Classes redefined (0 events):
No events

Internal exceptions (0 events):
No events

VM Operations (0 events):
No events

Events (0 events):
No events


Dynamic libraries:
0x00007ff651440000 - 0x00007ff651450000 	C:\Program Files\Java\jdk-20\bin\java.exe
0x00007ffec5150000 - 0x00007ffec5347000 	C:\Windows\SYSTEM32\ntdll.dll
0x00007ffec3500000 - 0x00007ffec35bd000 	C:\Windows\System32\KERNEL32.DLL
0x00007ffec2c50000 - 0x00007ffec2f46000 	C:\Windows\System32\KERNELBASE.dll
0x00007ffeba040000 - 0x00007ffeba059000 	C:\Program Files\Java\jdk-20\bin\jli.dll
0x00007ffec35c0000 - 0x00007ffec366e000 	C:\Windows\System32\ADVAPI32.dll
0x00007ffec4e80000 - 0x00007ffec4f1e000 	C:\Windows\System32\msvcrt.dll
0x00007ffec4f50000 - 0x00007ffec4fec000 	C:\Windows\System32\sechost.dll
0x00007ffec41d0000 - 0x00007ffec42f6000 	C:\Windows\System32\RPCRT4.dll
0x00007ffe4d590000 - 0x00007ffe4d5ab000 	C:\Program Files\Java\jdk-20\bin\VCRUNTIME140.dll
0x00007ffec2830000 - 0x00007ffec2930000 	C:\Windows\System32\ucrtbase.dll
0x00007ffec31b0000 - 0x00007ffec334e000 	C:\Windows\System32\USER32.dll
0x00007ffeac580000 - 0x00007ffeac81a000 	C:\Windows\WinSxS\amd64_microsoft.windows.common-controls_6595b64144ccf1df_6.0.19041.3570_none_60bb2a3971f3e41a\COMCTL32.dll
0x00007ffec3180000 - 0x00007ffec31a2000 	C:\Windows\System32\win32u.dll
0x00007ffec4f20000 - 0x00007ffec4f4c000 	C:\Windows\System32\GDI32.dll
0x00007ffec2b30000 - 0x00007ffec2c4a000 	C:\Windows\System32\gdi32full.dll
0x00007ffec2930000 - 0x00007ffec29cd000 	C:\Windows\System32\msvcp_win.dll
0x00007ffeb95c0000 - 0x00007ffeb95ca000 	C:\Windows\SYSTEM32\VERSION.dll
0x00007ffec5050000 - 0x00007ffec5080000 	C:\Windows\System32\IMM32.DLL
0x00007ffe4d580000 - 0x00007ffe4d58c000 	C:\Program Files\Java\jdk-20\bin\vcruntime140_1.dll
0x00007ffe49710000 - 0x00007ffe4979e000 	C:\Program Files\Java\jdk-20\bin\msvcp140.dll
0x00007ffe4d5c0000 - 0x00007ffe4e258000 	C:\Program Files\Java\jdk-20\bin\server\jvm.dll
0x00007ffe4d5b0000 - 0x00007ffe4d5b9000 	C:\Windows\SYSTEM32\WSOCK32.dll
0x00007ffec4d40000 - 0x00007ffec4dab000 	C:\Windows\System32\WS2_32.dll
0x00007ffea9410000 - 0x00007ffea9437000 	C:\Windows\SYSTEM32\WINMM.dll
0x00007ffec1060000 - 0x00007ffec1072000 	C:\Windows\SYSTEM32\kernel.appcore.dll
0x00007ffe4d500000 - 0x00007ffe4d50a000 	C:\Program Files\Java\jdk-20\bin\jimage.dll
0x00007ffebd3f0000 - 0x00007ffebd5d4000 	C:\Windows\SYSTEM32\DBGHELP.DLL
0x00007ffea5b20000 - 0x00007ffea5b54000 	C:\Windows\SYSTEM32\dbgcore.DLL
0x00007ffec30a0000 - 0x00007ffec3122000 	C:\Windows\System32\bcryptPrimitives.dll
0x00007ffe4d510000 - 0x00007ffe4d536000 	C:\Program Files\Java\jdk-20\bin\java.dll

dbghelp: loaded successfully - version: 4.0.5 - missing functions: none
symbol engine: initialized successfully - sym options: 0x614 - pdb path: .;C:\Program Files\Java\jdk-20\bin;C:\Windows\SYSTEM32;C:\Windows\WinSxS\amd64_microsoft.windows.common-controls_6595b64144ccf1df_6.0.19041.3570_none_60bb2a3971f3e41a;C:\Program Files\Java\jdk-20\bin\server

VM Arguments:
jvm_args: -Dfile.encoding=UTF-8 --module-path=C:\Users\user\Desktop\JAVA_Projekte\Probieren\build\classes 
java_command: javase.pf.newGui.JFrameHauptPF
java_class_path (initial): C:\Program Files\NetBeans-18\netbeans\java\modules\ext\AbsoluteLayout.jar;C:\oraclexe\app\oracle\product\11.2.0\server\jdbc\lib\ojdbc6.jar;C:\Users\user\Desktop\JAVA_Projekte\Probieren\build\classes
Launcher Type: SUN_STANDARD

[Global flags]
     intx CICompilerCount                          = 3                                         {product} {ergonomic}
     uint ConcGCThreads                            = 1                                         {product} {ergonomic}
     uint G1ConcRefinementThreads                  = 4                                         {product} {ergonomic}
   size_t G1HeapRegionSize                         = 2097152                                   {product} {ergonomic}
    uintx GCDrainStackTargetSize                   = 64                                        {product} {ergonomic}
   size_t InitialHeapSize                          = 268435456                                 {product} {ergonomic}
   size_t MarkStackSize                            = 4194304                                   {product} {ergonomic}
   size_t MaxHeapSize                              = 4263510016                                {product} {ergonomic}
   size_t MinHeapDeltaBytes                        = 2097152                                   {product} {ergonomic}
   size_t MinHeapSize                              = 8388608                                   {product} {ergonomic}
    uintx NonNMethodCodeHeapSize                   = 5832780                                {pd product} {ergonomic}
    uintx NonProfiledCodeHeapSize                  = 122912730                              {pd product} {ergonomic}
    uintx ProfiledCodeHeapSize                     = 122912730                              {pd product} {ergonomic}
    uintx ReservedCodeCacheSize                    = 251658240                              {pd product} {ergonomic}
     bool SegmentedCodeCache                       = true                                      {product} {ergonomic}
   size_t SoftMaxHeapSize                          = 4263510016                             {manageable} {ergonomic}
     bool UseCompressedClassPointers               = true                           {product lp64_product} {ergonomic}
     bool UseCompressedOops                        = true                           {product lp64_product} {ergonomic}
     bool UseG1GC                                  = true                                      {product} {ergonomic}
     bool UseLargePagesIndividualAllocation        = false                                  {pd product} {ergonomic}

Logging:
Log output configuration:
 #0: stdout all=warning uptime,level,tags foldmultilines=false
 #1: stderr all=off uptime,level,tags foldmultilines=false

Environment Variables:
JAVA_HOME=C:\Program Files\Java\jdk-20
PATH=C:\oraclexe\app\oracle\product\11.2.0\server\bin;;C:\Program Files\Java\jdk-20\bin;C:\Program Files\dotnet\;C:\Users\user\AppData\Local\Microsoft\WindowsApps;;C:\Users\user\AppData\Local\Programs\Microsoft VS Code\bin
USERNAME=user
OS=Windows_NT
PROCESSOR_IDENTIFIER=Intel64 Family 6 Model 142 Stepping 9, GenuineIntel
TMP=C:\Users\user\AppData\Local\Temp
TEMP=C:\Users\user\AppData\Local\Temp




---------------  S Y S T E M  ---------------

OS:
 Windows 10 , 64 bit Build 19041 (10.0.19041.3570)
OS uptime: 0 days 20:06 hours

CPU: total 4 (initial active 4) (2 cores per cpu, 2 threads per core) family 6 model 142 stepping 9 microcode 0xf2, cx8, cmov, fxsr, ht, mmx, 3dnowpref, sse, sse2, sse3, ssse3, sse4.1, sse4.2, popcnt, lzcnt, tsc, tscinvbit, avx, avx2, aes, erms, clmul, bmi1, bmi2, rtm, adx, fma, vzeroupper, clflush, clflushopt, rdtscp, f16c

Memory: 4k page, system-wide physical 16259M (8650M free)
TotalPageFile size 65411M (AvailPageFile size 126M)
current process WorkingSet (physical memory assigned to process): 10M, peak: 10M
current process commit charge ("private bytes"): 52M, peak: 307M

vm_info: Java HotSpot(TM) 64-Bit Server VM (20.0.2+9-78) for windows-amd64 JRE (20.0.2+9-78), built on 2023-06-14T10:08:48Z by "mach5one" with MS VC++ 17.1 (VS2022)

END.
